[2022-11-12T15:35:08.891Z] - warn : Método GET URL /client.js inexistente
[2022-11-12T15:35:15.982Z] - warn : Método GET URL /client.js inexistente
[2022-11-12T15:35:30.289Z] - warn : Método GET URL /client.js inexistente
[2022-11-12T15:46:49.039Z] - warn : Método GET URL /fulano inexistente
[2022-11-12T16:47:21.458Z] - warn : Método POST URL /login inexistente
[2022-11-12T16:47:32.919Z] - warn : Método POST URL /login inexistente
[2022-11-12T16:49:07.111Z] - warn : Método POST URL /login inexistente
[2022-11-12T16:49:10.510Z] - warn : Método POST URL /login inexistente
[2022-11-13T00:26:36.691Z] - warn : Método GET URL /ordenes inexistente
[2022-11-13T12:57:40.381Z] - warn : Método GET URL /favicon.ico inexistente
[2022-11-13T13:42:17.020Z] - warn : Método GET URL /signupgdfgfdgdf inexistente
[2022-11-13T13:43:14.560Z] - warn : Método GET URL /signupgdfgfdgdf inexistente
[2022-11-13T13:43:45.458Z] - warn : Método: GET, URL: /signupgdfgfdgdf inexistente
[2022-11-13T15:40:57.090Z] - warn : Método: GET, URL: /sweetalert2.all.min.js inexistente
[2022-11-13T15:41:01.991Z] - warn : Método: GET, URL: /sweetalert2.all.min.js inexistente
[2022-11-13T15:41:02.797Z] - warn : Método: GET, URL: /favicon.ico inexistente
[2022-11-13T15:41:13.321Z] - warn : Método: GET, URL: /sweetalert2.all.min.js inexistente
[2022-11-13T15:42:07.676Z] - warn : Método: GET, URL: /sweetalert2.min.js inexistente
[2022-11-13T15:42:07.680Z] - warn : Método: GET, URL: /sweetalert2.min.css inexistente
[2022-11-13T15:42:09.623Z] - warn : Método: GET, URL: /sweetalert2.min.js inexistente
[2022-11-13T15:42:09.625Z] - warn : Método: GET, URL: /sweetalert2.min.css inexistente
[2022-11-13T15:42:10.391Z] - warn : Método: GET, URL: /favicon.ico inexistente
[2022-11-13T15:43:58.424Z] - warn : Método: GET, URL: /favicon.ico inexistente
[2022-11-13T15:44:46.787Z] - warn : Método: GET, URL: /favicon.ico inexistente
[2022-11-13T15:50:39.865Z] - warn : Método: GET, URL: /favicon.ico inexistente
[2022-11-13T16:05:31.343Z] - warn : Método: GET, URL: /favicon.ico inexistente
[2022-11-13T16:07:24.421Z] - warn : Método: GET, URL: /favicon.ico inexistente
[2022-11-13T16:09:38.594Z] - warn : Método: GET, URL: /product.css inexistente
[2022-11-13T16:12:35.581Z] - warn : Método: GET, URL: /product.css inexistente
[2022-11-13T16:12:35.611Z] - warn : Método: GET, URL: /src/bootstrap-input-spinner.js inexistente
[2022-11-13T16:17:58.292Z] - warn : Método: GET, URL: /product.css inexistente
[2022-11-13T16:17:58.329Z] - warn : Método: GET, URL: /src/bootstrap-input-spinner.js inexistente
[2022-11-13T16:25:04.136Z] - warn : Método: GET, URL: /product.css inexistente
[2022-11-13T16:25:04.488Z] - warn : Método: GET, URL: /src/bootstrap-input-spinner.js inexistente
[2022-11-13T16:25:17.745Z] - warn : Método: GET, URL: /product.css inexistente
[2022-11-13T16:25:17.770Z] - warn : Método: GET, URL: /src/bootstrap-input-spinner.js inexistente
[2022-11-13T16:25:45.837Z] - warn : Método: GET, URL: /product.css inexistente
[2022-11-13T16:25:46.168Z] - warn : Método: GET, URL: /src/bootstrap-input-spinner.js inexistente
[2022-11-13T16:25:52.375Z] - warn : Método: GET, URL: /product.css inexistente
[2022-11-13T16:25:52.391Z] - warn : Método: GET, URL: /src/bootstrap-input-spinner.js inexistente
[2022-11-13T16:25:53.162Z] - warn : Método: GET, URL: /favicon.ico inexistente
[2022-11-13T16:28:04.523Z] - warn : Método: GET, URL: /favicon.ico inexistente
[2022-11-13T16:29:52.616Z] - warn : Método: GET, URL: /favicon.ico inexistente
[2022-11-13T16:32:23.178Z] - warn : Método: GET, URL: /favicon.ico inexistente
[2022-11-13T16:32:44.259Z] - warn : Método: GET, URL: /favicon.ico inexistente
[2022-11-13T16:32:49.687Z] - warn : Método: GET, URL: /favicon.ico inexistente
[2022-11-13T16:38:14.218Z] - warn : Método: GET, URL: /favicon.ico inexistente
[2022-11-13T16:39:00.765Z] - warn : Método: GET, URL: /favicon.ico inexistente
[2022-11-13T16:39:04.868Z] - warn : Método: GET, URL: /favicon.ico inexistente
[2022-11-13T16:41:51.498Z] - warn : Método: GET, URL: /favicon.ico inexistente
[2022-11-13T17:24:56.832Z] - warn : Método: GET, URL: /carrito/productos/636d41824171eba9bcb1fbac inexistente
[2022-11-13T17:29:23.876Z] - warn : Método: GET, URL: /carrito/productos/636d4a094171eba9bcb1fbb43 inexistente
[2022-11-13T17:31:33.375Z] - warn : Método: GET, URL: /favicon.ico inexistente
[2022-11-13T17:50:04.913Z] - warn : Método: GET, URL: /favicon.ico inexistente
[2022-11-13T17:51:18.753Z] - warn : Método: GET, URL: /favicon.ico inexistente
[2022-11-13T17:52:20.445Z] - warn : Método: GET, URL: /favicon.ico inexistente
[2022-11-13T17:54:37.034Z] - warn : Método: GET, URL: /carrito/productos/636d41824171eba9bcb1fbac inexistente
[2022-11-13T17:55:27.168Z] - warn : Método: GET, URL: /carrito/productos/636d41824171eba9bcb1fbac inexistente
[2022-11-13T17:57:29.287Z] - warn : Método: GET, URL: /favicon.ico inexistente
[2022-11-13T20:02:21.755Z] - warn : Método: GET, URL: /productos/categoria/productos/categoria/pizzas inexistente
[2022-11-13T20:03:25.033Z] - warn : Método: GET, URL: /productos/categoria/productos/categoria/empanadas inexistente
[2022-11-13T20:03:41.822Z] - warn : Método: GET, URL: /productos/categoria/productos/categoria/pizzas inexistente
[2022-11-13T20:04:30.712Z] - warn : Método: GET, URL: /pizzas inexistente
[2022-11-13T20:06:05.350Z] - warn : Método: GET, URL: /productos/categoria/productos/categoria/pizzas inexistente
[2022-11-13T20:28:02.598Z] - warn : Método: GET, URL: /productos/categoria/productos/categoria/empanadas inexistente
